INFO:root:Started
INFO:root:Finished
2022-07-24 18:12:43,503:INFO:root:Started
2022-07-24 18:12:43,505:INFO:root:Finished
2022-07-24 18:14:38,071:INFO:root:Data Processing Started
2022-07-24 18:14:38,073:INFO:root:Data Processing Finished
2022-07-24 18:14:38,073:INFO:root:feature engineering Started
2022-07-24 18:14:38,074:INFO:root:feature engineering Finished
2022-07-24 18:14:38,075:INFO:root:model training Started
2022-07-24 18:14:38,076:INFO:root:model training Finished
2022-07-24 18:16:07,714:INFO:root:Data Processing Started
2022-07-24 18:16:07,717:INFO:root:Data Processing Finished
2022-07-24 18:16:07,717:INFO:root:feature engineering Started
2022-07-24 18:16:07,718:INFO:root:feature engineering Finished
2022-07-24 18:16:07,719:INFO:root:model training Started
2022-07-24 18:16:07,720:INFO:root:model training Finished
2022-07-24 18:18:38,562:INFO:root:Data Processing Started
2022-07-24 18:18:38,564:INFO:root:cleaned data shpape: (9353, 15)
2022-07-24 18:18:38,564:INFO:root:Data Processing Finished
2022-07-24 18:18:38,564:INFO:root:feature engineering Started
2022-07-24 18:18:38,565:INFO:root:feature engineering Finished
2022-07-24 18:18:38,566:INFO:root:model training Started
2022-07-24 18:18:38,567:INFO:root:model training Finished
